EchoZone/app/build/intermediates/manifest_merge_blame_file/debug/processDebugMainManifest/manifest-merger-blame-debug-report.txt
1<?xml version="1.0" encoding="utf-8"?>
2<manifest xmlns:android="http://schemas.android.com/apk/res/android"
3    package="com.multipleapp.clonespace"
4    android:sharedUserId="com.multipleapp.clonespace"
5    android:versionCode="4"
6    android:versionName="1.0.4.20" >
7
8    <uses-sdk
8-->src/main/AndroidManifest.xml:3:5-73
9        android:minSdkVersion="24"
9-->src/main/AndroidManifest.xml:3:15-41
10        android:targetSdkVersion="35" />
10-->src/main/AndroidManifest.xml:3:42-71
11
12    <uses-permission android:name="android.permission.QUERY_ALL_PACKAGES" />
12-->src/main/AndroidManifest.xml:4:5-76
12-->src/main/AndroidManifest.xml:4:22-74
13    <uses-permission android:name="android.permission.ACCESS_COARSE_LOCATION" />
13-->src/main/AndroidManifest.xml:5:5-80
13-->src/main/AndroidManifest.xml:5:22-78
14    <uses-permission android:name="android.permission.ACCESS_FINE_LOCATION" />
14-->src/main/AndroidManifest.xml:6:5-78
14-->src/main/AndroidManifest.xml:6:22-76
15    <uses-permission android:name="android.permission.REQUEST_IGNORE_BATTERY_OPTIMIZATIONS" />
15-->src/main/AndroidManifest.xml:7:5-94
15-->src/main/AndroidManifest.xml:7:22-92
16    <uses-permission android:name="android.permission.POST_NOTIFICATIONS" />
16-->src/main/AndroidManifest.xml:8:5-76
16-->src/main/AndroidManifest.xml:8:22-74
17    <uses-permission android:name="android.permission.USE_BIOMETRIC" />
17-->src/main/AndroidManifest.xml:9:5-71
17-->src/main/AndroidManifest.xml:9:22-69
18    <uses-permission android:name="android.permission.READ_MEDIA_AUDIO" />
18-->src/main/AndroidManifest.xml:10:5-74
18-->src/main/AndroidManifest.xml:10:22-72
19    <uses-permission android:name="android.permission.READ_MEDIA_IMAGES" />
19-->src/main/AndroidManifest.xml:11:5-75
19-->src/main/AndroidManifest.xml:11:22-73
20    <uses-permission android:name="android.permission.READ_MEDIA_VIDEO" />
20-->src/main/AndroidManifest.xml:12:5-74
20-->src/main/AndroidManifest.xml:12:22-72
21    <uses-permission android:name="android.permission.HIDE_OVERLAY_WINDOWS" />
21-->src/main/AndroidManifest.xml:13:5-78
21-->src/main/AndroidManifest.xml:13:22-76
22    <uses-permission android:name="android.permission.ACCESS_MEDIA_LOCATION" />
22-->src/main/AndroidManifest.xml:14:5-79
22-->src/main/AndroidManifest.xml:14:22-77
23    <uses-permission android:name="android.permission.INTERNET" />
23-->src/main/AndroidManifest.xml:15:5-66
23-->src/main/AndroidManifest.xml:15:22-64
24    <uses-permission android:name="android.permission.FLASHLIGHT" />
24-->src/main/AndroidManifest.xml:16:5-68
24-->src/main/AndroidManifest.xml:16:22-66
25    <uses-permission android:name="android.permission.CAMERA" />
25-->src/main/AndroidManifest.xml:17:5-64
25-->src/main/AndroidManifest.xml:17:22-62
26    <uses-permission android:name="android.permission.ACCESS_LOCATION_EXTRA_COMMANDS" />
26-->src/main/AndroidManifest.xml:18:5-88
26-->src/main/AndroidManifest.xml:18:22-86
27    <uses-permission android:name="android.permission.ACCESS_NETWORK_STATE" />
27-->src/main/AndroidManifest.xml:19:5-78
27-->src/main/AndroidManifest.xml:19:22-76
28    <uses-permission android:name="android.permission.ACCESS_WIFI_STATE" />
28-->src/main/AndroidManifest.xml:20:5-75
28-->src/main/AndroidManifest.xml:20:22-73
29    <uses-permission android:name="android.permission.CHANGE_NETWORK_STATE" />
29-->src/main/AndroidManifest.xml:21:5-78
29-->src/main/AndroidManifest.xml:21:22-76
30    <uses-permission android:name="android.permission.CHANGE_WIFI_MULTICAST_STATE" />
30-->src/main/AndroidManifest.xml:22:5-85
30-->src/main/AndroidManifest.xml:22:22-83
31    <uses-permission android:name="android.permission.CHANGE_WIFI_STATE" />
31-->src/main/AndroidManifest.xml:23:5-75
31-->src/main/AndroidManifest.xml:23:22-73
32    <uses-permission android:name="android.permission.WRITE_EXTERNAL_STORAGE" />
32-->src/main/AndroidManifest.xml:24:5-80
32-->src/main/AndroidManifest.xml:24:22-78
33    <uses-permission android:name="android.permission.READ_EXTERNAL_STORAGE" />
33-->src/main/AndroidManifest.xml:25:5-79
33-->src/main/AndroidManifest.xml:25:22-77
34    <uses-permission android:name="android.permission.BROADCAST_STICKY" />
34-->src/main/AndroidManifest.xml:26:5-74
34-->src/main/AndroidManifest.xml:26:22-72
35    <uses-permission android:name="android.permission.DISABLE_KEYGUARD" />
35-->src/main/AndroidManifest.xml:27:5-74
35-->src/main/AndroidManifest.xml:27:22-72
36    <uses-permission android:name="android.permission.EXPAND_STATUS_BAR" />
36-->src/main/AndroidManifest.xml:28:5-75
36-->src/main/AndroidManifest.xml:28:22-73
37    <uses-permission android:name="android.permission.AUTHENTICATE_ACCOUNTS" />
37-->src/main/AndroidManifest.xml:29:5-79
37-->src/main/AndroidManifest.xml:29:22-77
38    <uses-permission android:name="android.permission.GET_ACCOUNTS" />
38-->src/main/AndroidManifest.xml:30:5-70
38-->src/main/AndroidManifest.xml:30:22-68
39    <uses-permission android:name="android.permission.MANAGE_ACCOUNTS" />
39-->src/main/AndroidManifest.xml:31:5-73
39-->src/main/AndroidManifest.xml:31:22-71
40    <uses-permission android:name="android.permission.USE_CREDENTIALS" />
40-->src/main/AndroidManifest.xml:32:5-73
40-->src/main/AndroidManifest.xml:32:22-71
41    <uses-permission android:name="android.permission.READ_PHONE_STATE" />
41-->src/main/AndroidManifest.xml:33:5-74
41-->src/main/AndroidManifest.xml:33:22-72
42    <uses-permission android:name="android.permission.READ_PHONE_NUMBERS" />
42-->src/main/AndroidManifest.xml:34:5-76
42-->src/main/AndroidManifest.xml:34:22-74
43    <uses-permission android:name="android.permission.ANSWER_PHONE_CALLS" />
43-->src/main/AndroidManifest.xml:35:5-76
43-->src/main/AndroidManifest.xml:35:22-74
44    <uses-permission android:name="android.permission.GET_TASKS" />
44-->src/main/AndroidManifest.xml:36:5-67
44-->src/main/AndroidManifest.xml:36:22-65
45    <uses-permission android:name="android.permission.KILL_BACKGROUND_PROCESSES" />
45-->src/main/AndroidManifest.xml:37:5-83
45-->src/main/AndroidManifest.xml:37:22-81
46    <uses-permission android:name="android.permission.REORDER_TASKS" />
46-->src/main/AndroidManifest.xml:38:5-71
46-->src/main/AndroidManifest.xml:38:22-69
47    <uses-permission android:name="android.permission.PERSISTENT_ACTIVITY" />
47-->src/main/AndroidManifest.xml:39:5-77
47-->src/main/AndroidManifest.xml:39:22-75
48    <uses-permission android:name="android.permission.RECORD_AUDIO" />
48-->src/main/AndroidManifest.xml:40:5-70
48-->src/main/AndroidManifest.xml:40:22-68
49    <uses-permission android:name="android.permission.BLUETOOTH" />
49-->src/main/AndroidManifest.xml:41:5-67
49-->src/main/AndroidManifest.xml:41:22-65
50    <uses-permission android:name="android.permission.BLUETOOTH_ADMIN" />
50-->src/main/AndroidManifest.xml:42:5-73
50-->src/main/AndroidManifest.xml:42:22-71
51    <uses-permission android:name="android.permission.BLUETOOTH_CONNECT" />
51-->src/main/AndroidManifest.xml:43:5-75
51-->src/main/AndroidManifest.xml:43:22-73
52    <uses-permission android:name="android.permission.BLUETOOTH_SCAN" />
52-->src/main/AndroidManifest.xml:44:5-72
52-->src/main/AndroidManifest.xml:44:22-70
53    <uses-permission android:name="android.permission.NFC" />
53-->src/main/AndroidManifest.xml:45:5-61
53-->src/main/AndroidManifest.xml:45:22-59
54    <uses-permission android:name="android.permission.MODIFY_AUDIO_SETTINGS" />
54-->src/main/AndroidManifest.xml:46:5-79
54-->src/main/AndroidManifest.xml:46:22-77
55    <uses-permission android:name="android.permission.VIBRATE" />
55-->src/main/AndroidManifest.xml:47:5-65
55-->src/main/AndroidManifest.xml:47:22-63
56    <uses-permission android:name="android.permission.USE_FINGERPRINT" />
56-->src/main/AndroidManifest.xml:48:5-73
56-->src/main/AndroidManifest.xml:48:22-71
57    <uses-permission android:name="com.android.browser.permission.READ_HISTORY_BOOKMARKS" />
57-->src/main/AndroidManifest.xml:49:5-92
57-->src/main/AndroidManifest.xml:49:22-90
58    <uses-permission android:name="com.android.browser.permission.WRITE_HISTORY_BOOKMARKS" />
58-->src/main/AndroidManifest.xml:50:5-93
58-->src/main/AndroidManifest.xml:50:22-91
59    <uses-permission android:name="android.permission.GET_PACKAGE_SIZE" />
59-->src/main/AndroidManifest.xml:51:5-74
59-->src/main/AndroidManifest.xml:51:22-72
60    <uses-permission android:name="android.permission.WRITE_SYNC_SETTINGS" />
60-->src/main/AndroidManifest.xml:52:5-77
60-->src/main/AndroidManifest.xml:52:22-75
61    <uses-permission android:name="android.permission.READ_SYNC_SETTINGS" />
61-->src/main/AndroidManifest.xml:53:5-76
61-->src/main/AndroidManifest.xml:53:22-74
62    <uses-permission android:name="android.permission.READ_SYNC_STATS" />
62-->src/main/AndroidManifest.xml:54:5-73
62-->src/main/AndroidManifest.xml:54:22-71
63    <uses-permission android:name="android.permission.READ_SOCIAL_STREAM" />
63-->src/main/AndroidManifest.xml:55:5-76
63-->src/main/AndroidManifest.xml:55:22-74
64    <uses-permission android:name="android.permission.WRITE_SOCIAL_STREAM" />
64-->src/main/AndroidManifest.xml:56:5-77
64-->src/main/AndroidManifest.xml:56:22-75
65    <uses-permission android:name="android.permission.SUBSCRIBED_FEEDS_READ" />
65-->src/main/AndroidManifest.xml:57:5-79
65-->src/main/AndroidManifest.xml:57:22-77
66    <uses-permission android:name="android.permission.SUBSCRIBED_FEEDS_WRITE" />
66-->src/main/AndroidManifest.xml:58:5-80
66-->src/main/AndroidManifest.xml:58:22-78
67    <uses-permission android:name="android.permission.WRITE_CALENDAR" />
67-->src/main/AndroidManifest.xml:59:5-72
67-->src/main/AndroidManifest.xml:59:22-70
68    <uses-permission android:name="android.permission.READ_CALENDAR" />
68-->src/main/AndroidManifest.xml:60:5-71
68-->src/main/AndroidManifest.xml:60:22-69
69    <uses-permission android:name="android.permission.READ_CONTACTS" />
69-->src/main/AndroidManifest.xml:61:5-71
69-->src/main/AndroidManifest.xml:61:22-69
70    <uses-permission android:name="android.permission.WRITE_CONTACTS" />
70-->src/main/AndroidManifest.xml:62:5-72
70-->src/main/AndroidManifest.xml:62:22-70
71    <uses-permission android:name="android.permission.RESTART_PACKAGES" />
71-->src/main/AndroidManifest.xml:63:5-74
71-->src/main/AndroidManifest.xml:63:22-72
72    <uses-permission android:name="android.permission.SET_WALLPAPER" />
72-->src/main/AndroidManifest.xml:64:5-71
72-->src/main/AndroidManifest.xml:64:22-69
73    <uses-permission android:name="android.permission.SET_WALLPAPER_HINTS" />
73-->src/main/AndroidManifest.xml:65:5-77
73-->src/main/AndroidManifest.xml:65:22-75
74    <uses-permission android:name="android.permission.TRANSMIT_IR" />
74-->src/main/AndroidManifest.xml:66:5-69
74-->src/main/AndroidManifest.xml:66:22-67
75    <uses-permission android:name="android.permission.USE_SIP" />
75-->src/main/AndroidManifest.xml:67:5-65
75-->src/main/AndroidManifest.xml:67:22-63
76    <uses-permission android:name="android.permission.WAKE_LOCK" />
76-->src/main/AndroidManifest.xml:68:5-67
76-->src/main/AndroidManifest.xml:68:22-65
77    <uses-permission android:name="android.permission.SYSTEM_ALERT_WINDOW" />
77-->src/main/AndroidManifest.xml:69:5-77
77-->src/main/AndroidManifest.xml:69:22-75
78    <uses-permission android:name="android.permission.SYSTEM_OVERLAY_WINDOW" />
78-->src/main/AndroidManifest.xml:70:5-79
78-->src/main/AndroidManifest.xml:70:22-77
79    <uses-permission android:name="android.permission.RECEIVE_BOOT_COMPLETED" />
79-->src/main/AndroidManifest.xml:71:5-80
79-->src/main/AndroidManifest.xml:71:22-78
80    <uses-permission android:name="android.permission.READ_INSTALL_SESSIONS" />
80-->src/main/AndroidManifest.xml:72:5-79
80-->src/main/AndroidManifest.xml:72:22-77
81    <uses-permission android:name="android.permission.READ_OWNER_DATA" />
81-->src/main/AndroidManifest.xml:73:5-73
81-->src/main/AndroidManifest.xml:73:22-71
82    <uses-permission android:name="android.permission.WRITE_CLIPS" />
82-->src/main/AndroidManifest.xml:74:5-69
82-->src/main/AndroidManifest.xml:74:22-67
83    <uses-permission android:name="android.permission.READ_CLIPS" />
83-->src/main/AndroidManifest.xml:75:5-68
83-->src/main/AndroidManifest.xml:75:22-66
84    <uses-permission android:name="android.permission.GET_CLIPS" />
84-->src/main/AndroidManifest.xml:76:5-67
84-->src/main/AndroidManifest.xml:76:22-65
85    <uses-permission android:name="android.permission.WRITE_OWNER_DATA" />
85-->src/main/AndroidManifest.xml:77:5-74
85-->src/main/AndroidManifest.xml:77:22-72
86    <uses-permission android:name="android.permission.ACCESS_GPS" />
86-->src/main/AndroidManifest.xml:78:5-68
86-->src/main/AndroidManifest.xml:78:22-66
87    <uses-permission android:name="android.permission.ACCESS_WIMAX_STATE" />
87-->src/main/AndroidManifest.xml:79:5-76
87-->src/main/AndroidManifest.xml:79:22-74
88    <uses-permission android:name="android.permission.ACCESS_DOWNLOAD_MANAGER" />
88-->src/main/AndroidManifest.xml:80:5-81
88-->src/main/AndroidManifest.xml:80:22-79
89    <uses-permission android:name="android.permission.CHANGE_WIMAX_STATE" />
89-->src/main/AndroidManifest.xml:81:5-76
89-->src/main/AndroidManifest.xml:81:22-74
90    <uses-permission android:name="android.permission.DOWNLOAD_WITHOUT_NOTIFICATION" />
90-->src/main/AndroidManifest.xml:82:5-87
90-->src/main/AndroidManifest.xml:82:22-85
91    <uses-permission android:name="android.permission.REQUEST_DELETE_PACKAGES" />
91-->src/main/AndroidManifest.xml:83:5-81
91-->src/main/AndroidManifest.xml:83:22-79
92    <uses-permission android:name="android.permission.SCHEDULE_EXACT_ALARM" />
92-->src/main/AndroidManifest.xml:84:5-78
92-->src/main/AndroidManifest.xml:84:22-76
93    <uses-permission android:name="android.permission.MANAGE_OWN_CALLS" />
93-->src/main/AndroidManifest.xml:85:5-74
93-->src/main/AndroidManifest.xml:85:22-72
94    <uses-permission android:name="android.permission.CALL_PHONE" />
94-->src/main/AndroidManifest.xml:86:5-68
94-->src/main/AndroidManifest.xml:86:22-66
95    <uses-permission android:name="android.permission.FOREGROUND_SERVICE" />
95-->src/main/AndroidManifest.xml:87:5-76
95-->src/main/AndroidManifest.xml:87:22-74
96    <uses-permission android:name="com.open.gallery.smart.Read" />
96-->src/main/AndroidManifest.xml:88:5-66
96-->src/main/AndroidManifest.xml:88:22-64
97    <uses-permission android:name="com.open.gallery.smart.Write" />
97-->src/main/AndroidManifest.xml:89:5-67
97-->src/main/AndroidManifest.xml:89:22-65
98    <uses-permission android:name="com.open.gallery.smart.Provider" />
98-->src/main/AndroidManifest.xml:90:5-70
98-->src/main/AndroidManifest.xml:90:22-68
99    <uses-permission android:name="ohos.permission.GET_BUNDLE_INFO" />
99-->src/main/AndroidManifest.xml:91:5-70
99-->src/main/AndroidManifest.xml:91:22-68
100    <uses-permission android:name="ohos.permission.GET_BUNDLE_INFO_PRIVILEGED" />
100-->src/main/AndroidManifest.xml:92:5-81
100-->src/main/AndroidManifest.xml:92:22-79
101    <uses-permission android:name="android.permission.DETECT_SCREEN_CAPTURE" />
101-->src/main/AndroidManifest.xml:93:5-79
101-->src/main/AndroidManifest.xml:93:22-77
102    <uses-permission android:name="android.permission.CREDENTIAL_MANAGER_SET_ALLOWED_PROVIDERS" />
102-->src/main/AndroidManifest.xml:94:5-98
102-->src/main/AndroidManifest.xml:94:22-96
103    <uses-permission android:name="android.permission.DETECT_SCREEN_RECORDING" />
103-->src/main/AndroidManifest.xml:95:5-81
103-->src/main/AndroidManifest.xml:95:22-79
104    <uses-permission android:name="com.google.android.finsky.permission.BIND_GET_INSTALL_REFERRER_SERVICE" />
104-->src/main/AndroidManifest.xml:96:5-109
104-->src/main/AndroidManifest.xml:96:22-107
105    <uses-permission android:name="android.permission.PACKAGE_USAGE_STATS" />
105-->src/main/AndroidManifest.xml:97:5-77
105-->src/main/AndroidManifest.xml:97:22-75
106
107    <uses-feature android:name="android.hardware.camera" />
107-->src/main/AndroidManifest.xml:98:5-59
107-->src/main/AndroidManifest.xml:98:19-57
108    <uses-feature
108-->src/main/AndroidManifest.xml:99:5-100
109        android:name="android.software.companion_device_setup"
109-->src/main/AndroidManifest.xml:99:19-73
110        android:required="false" />
110-->src/main/AndroidManifest.xml:99:74-98
111    <uses-feature
111-->src/main/AndroidManifest.xml:100:5-94
112        android:name="android.hardware.camera.autofocus"
112-->src/main/AndroidManifest.xml:100:19-67
113        android:required="false" />
113-->src/main/AndroidManifest.xml:100:68-92
114    <uses-feature
114-->src/main/AndroidManifest.xml:101:5-87
115        android:name="android.hardware.telephony"
115-->src/main/AndroidManifest.xml:101:19-60
116        android:required="false" />
116-->src/main/AndroidManifest.xml:101:61-85
117
118    <uses-permission android:name="android.permission.OBSERVE_GRANT_REVOKE_PERMISSIONS" />
118-->src/main/AndroidManifest.xml:102:5-90
118-->src/main/AndroidManifest.xml:102:22-88
119
120    <permission
120-->src/main/AndroidManifest.xml:103:5-137
121        android:name="com.multipleapp.clonespace.DYNAMIC_RECEIVER_NOT_EXPORTED_PERMISSION"
121-->src/main/AndroidManifest.xml:103:17-99
122        android:protectionLevel="signature" />
122-->src/main/AndroidManifest.xml:103:100-135
123
124    <uses-permission android:name="com.multipleapp.clonespace.DYNAMIC_RECEIVER_NOT_EXPORTED_PERMISSION" />
124-->src/main/AndroidManifest.xml:104:5-106
124-->src/main/AndroidManifest.xml:104:22-104
125    <uses-permission android:name="com.android.vending.CHECK_LICENSE" />
125-->src/main/AndroidManifest.xml:1107:5-72
125-->src/main/AndroidManifest.xml:1107:22-70
126
127    <application
127-->src/main/AndroidManifest.xml:105:5-1106:19
128        android:name="com.multipleapp.clonespace.App"
128-->src/main/AndroidManifest.xml:105:119-164
129        android:allowBackup="true"
129-->src/main/AndroidManifest.xml:105:165-191
130        android:allowNativeHeapPointerTagging="false"
130-->src/main/AndroidManifest.xml:105:519-564
131        android:appComponentFactory="androidx.core.app.CoreComponentFactory"
131-->src/main/AndroidManifest.xml:105:406-474
132        android:dataExtractionRules="@xml/data_extraction_rules"
132-->src/main/AndroidManifest.xml:105:610-666
133        android:debuggable="true"
134        android:extractNativeLibs="false"
134-->src/main/AndroidManifest.xml:105:244-277
135        android:fullBackupContent="@xml/backup_rules"
135-->src/main/AndroidManifest.xml:105:278-323
136        android:icon="@mipmap/ic_launcher"
136-->src/main/AndroidManifest.xml:105:84-118
137        android:label="@string/app_name"
137-->src/main/AndroidManifest.xml:105:51-83
138        android:largeHeap="true"
138-->src/main/AndroidManifest.xml:105:192-216
139        android:pageSizeCompat="32"
139-->src/main/AndroidManifest.xml:105:667-694
140        android:preserveLegacyExternalStorage="true"
140-->src/main/AndroidManifest.xml:105:565-609
141        android:requestLegacyExternalStorage="true"
141-->src/main/AndroidManifest.xml:105:475-518
142        android:roundIcon="@mipmap/ic_launcher_round"
142-->src/main/AndroidManifest.xml:105:360-405
143        android:supportsRtl="true"
143-->src/main/AndroidManifest.xml:105:217-243
144        android:theme="@style/Theme.App"
144-->src/main/AndroidManifest.xml:105:18-50
145        android:usesCleartextTraffic="true" >
145-->src/main/AndroidManifest.xml:105:324-359
146        <activity
146-->src/main/AndroidManifest.xml:106:9-115:20
147            android:name="com.multipleapp.clonespace.HostActivity"
147-->src/main/AndroidManifest.xml:106:19-73
148            android:exported="true"
148-->src/main/AndroidManifest.xml:106:74-97
149            android:hardwareAccelerated="true"
149-->src/main/AndroidManifest.xml:106:130-164
150            android:launchMode="singleTask" >
150-->src/main/AndroidManifest.xml:106:98-129
151            <intent-filter>
151-->src/main/AndroidManifest.xml:107:13-110:29
152                <action android:name="android.intent.action.MAIN" />
152-->src/main/AndroidManifest.xml:108:17-68
152-->src/main/AndroidManifest.xml:108:25-66
153
154                <category android:name="android.intent.category.LAUNCHER" />
154-->src/main/AndroidManifest.xml:109:17-76
154-->src/main/AndroidManifest.xml:109:27-74
155            </intent-filter>
156            <intent-filter>
156-->src/main/AndroidManifest.xml:111:13-114:29
157                <action android:name="com.multipleapp.clonespace.VIRTUAL_LAUNCHER" />
157-->src/main/AndroidManifest.xml:112:17-85
157-->src/main/AndroidManifest.xml:112:25-83
158
159                <category android:name="android.intent.category.DEFAULT" />
159-->src/main/AndroidManifest.xml:113:17-75
159-->src/main/AndroidManifest.xml:113:27-73
160            </intent-filter>
161        </activity>
162        <activity
162-->src/main/AndroidManifest.xml:116:9-116
163            android:name="com.multipleapp.clonespace.DistributeActivity"
163-->src/main/AndroidManifest.xml:116:19-79
164            android:hardwareAccelerated="true" />
164-->src/main/AndroidManifest.xml:116:80-114
165
166        <service
166-->src/main/AndroidManifest.xml:117:9-98
167            android:name="com.multipleapp.clonespace.HostService"
167-->src/main/AndroidManifest.xml:117:18-71
168            android:exported="false" />
168-->src/main/AndroidManifest.xml:117:72-96
169
170        <activity
170-->src/main/AndroidManifest.xml:118:9-109
171            android:name="com.multipleapp.clonespace.qrscan.QrScanActivity"
171-->src/main/AndroidManifest.xml:118:19-82
172            android:exported="false" />
172-->src/main/AndroidManifest.xml:118:83-107
173        <activity
173-->src/main/AndroidManifest.xml:119:9-111
174            android:name="com.multipleapp.clonespace.qrscan.QrRecordActivity"
174-->src/main/AndroidManifest.xml:119:19-84
175            android:exported="false" />
175-->src/main/AndroidManifest.xml:119:85-109
176        <activity
176-->src/main/AndroidManifest.xml:120:9-125:20
177            android:name="com.bumptech.matrix.ui.update.UpdateActivity"
177-->src/main/AndroidManifest.xml:120:19-78
178            android:exported="false" >
178-->src/main/AndroidManifest.xml:120:79-103
179            <intent-filter>
179-->src/main/AndroidManifest.xml:121:13-124:29
180                <action android:name="com.multipleapp.clonespace.OUT_DATE_UPDATE" />
180-->src/main/AndroidManifest.xml:122:17-84
180-->src/main/AndroidManifest.xml:122:25-82
181
182                <category android:name="android.intent.category.DEFAULT" />
182-->src/main/AndroidManifest.xml:113:17-75
182-->src/main/AndroidManifest.xml:113:27-73
183            </intent-filter>
184        </activity>
185
186        <meta-data
186-->src/main/AndroidManifest.xml:126:9-97
187            android:name="com.google.mlkit.vision.DEPENDENCIES"
187-->src/main/AndroidManifest.xml:126:20-71
188            android:value="barcode" />
188-->src/main/AndroidManifest.xml:126:72-95
189
190        <activity
190-->src/main/AndroidManifest.xml:127:9-421
191            android:name="com.multipleapp.clonespace.Ihdr$RA"
191-->src/main/AndroidManifest.xml:127:62-111
192            android:configChanges="fontScale|smallestScreenSize|screenSize|uiMode|screenLayout|orientation|navigation|keyboardHidden|keyboard|touchscreen|locale|mnc|mcc"
192-->src/main/AndroidManifest.xml:127:198-355
193            android:exported="true"
193-->src/main/AndroidManifest.xml:127:112-135
194            android:maxRecents="48"
194-->src/main/AndroidManifest.xml:127:356-379
195            android:process=":service"
195-->src/main/AndroidManifest.xml:127:136-162
196            android:screenOrientation="behind"
196-->src/main/AndroidManifest.xml:127:163-197
197            android:supportsPictureInPicture="true"
197-->src/main/AndroidManifest.xml:127:380-419
198            android:theme="@style/Theme.AgentActivity" />
198-->src/main/AndroidManifest.xml:127:19-61
199        <activity
199-->src/main/AndroidManifest.xml:128:9-425
200            android:name="com.multipleapp.clonespace.Ihdr$RAL"
200-->src/main/AndroidManifest.xml:128:62-112
201            android:configChanges="fontScale|smallestScreenSize|screenSize|uiMode|screenLayout|orientation|navigation|keyboardHidden|keyboard|touchscreen|locale|mnc|mcc"
201-->src/main/AndroidManifest.xml:128:202-359
202            android:exported="true"
202-->src/main/AndroidManifest.xml:128:113-136
203            android:maxRecents="48"
203-->src/main/AndroidManifest.xml:128:360-383
204            android:process=":service"
204-->src/main/AndroidManifest.xml:128:137-163
205            android:screenOrientation="landscape"
205-->src/main/AndroidManifest.xml:128:164-201
206            android:supportsPictureInPicture="true"
206-->src/main/AndroidManifest.xml:128:384-423
207            android:theme="@style/Theme.AgentActivity" />
207-->src/main/AndroidManifest.xml:128:19-61
208        <activity
208-->src/main/AndroidManifest.xml:129:9-265
209            android:name="com.multipleapp.clonespace.Ihdr$Choose"
209-->src/main/AndroidManifest.xml:129:83-136
210            android:excludeFromRecents="true"
210-->src/main/AndroidManifest.xml:129:188-221
211            android:exported="true"
211-->src/main/AndroidManifest.xml:129:137-160
212            android:finishOnCloseSystemDialogs="true"
212-->src/main/AndroidManifest.xml:129:222-263
213            android:process=":service"
213-->src/main/AndroidManifest.xml:129:161-187
214            android:theme="@android:style/Theme.DeviceDefault.Light.Dialog" />
214-->src/main/AndroidManifest.xml:129:19-82
215        <activity
215-->src/main/AndroidManifest.xml:130:9-497
216            android:name="com.multipleapp.clonespace.Ihdr$Trump"
216-->src/main/AndroidManifest.xml:130:62-114
217            android:configChanges="fontScale|smallestScreenSize|screenSize|uiMode|screenLayout|orientation|navigation|keyboardHidden|keyboard|touchscreen|locale|mnc|mcc"
217-->src/main/AndroidManifest.xml:130:298-455
218            android:excludeFromRecents="true"
218-->src/main/AndroidManifest.xml:130:229-262
219            android:exported="true"
219-->src/main/AndroidManifest.xml:130:115-138
220            android:process=":service"
220-->src/main/AndroidManifest.xml:130:139-165
221            android:screenOrientation="behind"
221-->src/main/AndroidManifest.xml:130:263-297
222            android:supportsPictureInPicture="true"
222-->src/main/AndroidManifest.xml:130:456-495
223            android:taskAffinity="com.multipleapp.clonespace.intent.trump"
223-->src/main/AndroidManifest.xml:130:166-228
224            android:theme="@style/Theme.AgentActivity" />
224-->src/main/AndroidManifest.xml:130:19-61
225        <activity
225-->src/main/AndroidManifest.xml:131:9-467
226            android:name="com.multipleapp.clonespace.Ihdr$Resolve"
226-->src/main/AndroidManifest.xml:131:62-116
227            android:configChanges="fontScale|smallestScreenSize|screenSize|uiMode|screenLayout|orientation|navigation|keyboardHidden|keyboard|touchscreen|locale|mnc|mcc"
227-->src/main/AndroidManifest.xml:131:268-425
228            android:exported="true"
228-->src/main/AndroidManifest.xml:131:117-140
229            android:process=":service"
229-->src/main/AndroidManifest.xml:131:141-167
230            android:screenOrientation="behind"
230-->src/main/AndroidManifest.xml:131:233-267
231            android:supportsPictureInPicture="true"
231-->src/main/AndroidManifest.xml:131:426-465
232            android:taskAffinity="com.multipleapp.clonespace.intent.resolve"
232-->src/main/AndroidManifest.xml:131:168-232
233            android:theme="@style/Theme.AgentActivity" />
233-->src/main/AndroidManifest.xml:131:19-61
234        <activity
234-->src/main/AndroidManifest.xml:132:9-139:20
235            android:name="com.multipleapp.clonespace.Ihdr$FB"
235-->src/main/AndroidManifest.xml:132:79-128
236            android:exported="true"
236-->src/main/AndroidManifest.xml:132:129-152
237            android:process=":service"
237-->src/main/AndroidManifest.xml:132:153-179
238            android:taskAffinity="com.multipleapp.clonespace.intent.fb"
238-->src/main/AndroidManifest.xml:132:180-239
239            android:theme="@android:style/Theme.Translucent.NoTitleBar" >
239-->src/main/AndroidManifest.xml:132:19-78
240            <intent-filter>
240-->src/main/AndroidManifest.xml:133:13-138:29
241                <action android:name="android.intent.action.VIEW" />
241-->src/main/AndroidManifest.xml:134:17-68
241-->src/main/AndroidManifest.xml:134:25-66
242
243                <category android:name="android.intent.category.DEFAULT" />
243-->src/main/AndroidManifest.xml:113:17-75
243-->src/main/AndroidManifest.xml:113:27-73
244                <category android:name="android.intent.category.BROWSABLE" />
244-->src/main/AndroidManifest.xml:136:17-77
244-->src/main/AndroidManifest.xml:136:27-75
245
246                <data
246-->src/main/AndroidManifest.xml:137:17-97
247                    android:host="cct.com.multipleapp.clonespace"
247-->src/main/AndroidManifest.xml:137:50-95
248                    android:scheme="fbconnect" />
248-->src/main/AndroidManifest.xml:137:23-49
249            </intent-filter>
250        </activity>
251
252        <service
252-->src/main/AndroidManifest.xml:140:9-178
253            android:name="com.multipleapp.clonespace.Ihdr$Job"
253-->src/main/AndroidManifest.xml:140:18-68
254            android:exported="true"
254-->src/main/AndroidManifest.xml:140:126-149
255            android:permission="android.permission.BIND_JOB_SERVICE"
255-->src/main/AndroidManifest.xml:140:69-125
256            android:process=":service" />
256-->src/main/AndroidManifest.xml:140:150-176
257
258        <provider
258-->src/main/AndroidManifest.xml:141:9-245
259            android:name="com.multipleapp.clonespace.Ihdr$File"
259-->src/main/AndroidManifest.xml:141:19-70
260            android:authorities="com.multipleapp.clonespace.com.multipleapp.clonespace.Ihdr$File"